<?xml version="1.0" encoding="UTF-8"?>
<testsuite name="BankTest" tests="1" skipped="0" failures="0" errors="0" timestamp="2022-11-25T13:28:06" hostname="Neofytoss-MacBook-Pro.local" time="0.014">
  <properties/>
  <testcase name="generate_report_with_correction_when_raw_account_numbers_are_invalid_or_illegal_from_file()" classname="BankTest" time="0.014"/>
  <system-out><![CDATA[]]></system-out>
  <system-err><![CDATA[]]></system-err>
</testsuite>
